<?xml version="1.0" encoding="UTF-8"?>
<!-- Generated by org.testng.reporters.JUnitReportReporter -->
<testsuite skipped="0" hostname="LAPTOP-F3SU56H8" name="com.vtiger.organization.CreateOrganization1" tests="1" failures="0" timestamp="2022-08-08T21:46:57 IST" time="29.217" errors="0">
  <testcase name="CreateOrganizationTest" time="29.217" classname="com.vtiger.organization.CreateOrganization1"/>
  <system-out/>
</testsuite> <!-- com.vtiger.organization.CreateOrganization1 -->
