<?xml version="1.0" encoding="UTF-8"?>
<!-- Generated by org.testng.reporters.JUnitReportReporter -->
<testsuite skipped="0" hostname="LAPTOP-F3SU56H8" name="com.vtiger.utility.BaseClass" tests="1" failures="0" timestamp="2022-08-08T20:55:05 IST" time="8.166" errors="0">
  <testcase name="loginTest" time="8.166" classname="com.vtiger.utility.BaseClass"/>
  <system-out/>
</testsuite> <!-- com.vtiger.utility.BaseClass -->
