<?xml version="1.0" encoding="UTF-8"?>
<!-- Generated by org.testng.reporters.JUnitReportReporter -->
<testsuite skipped="0" hostname="LAPTOP-F3SU56H8" name="com.vtiger.organization.CreateOrganization" tests="1" failures="0" timestamp="2022-08-08T21:04:33 IST" time="44.060" errors="0">
  <testcase name="loginTest" time="44.060" classname="com.vtiger.organization.CreateOrganization"/>
  <system-out/>
</testsuite> <!-- com.vtiger.organization.CreateOrganization -->
