<?xml version="1.0" encoding="UTF-8"?>
<!-- Generated by org.testng.reporters.JUnitReportReporter -->
<testsuite skipped="0" hostname="LAPTOP-F3SU56H8" name="com.vtiger.contact.CreateContact" tests="1" failures="0" timestamp="2022-08-08T22:03:56 IST" time="29.329" errors="0">
  <testcase name="CreateContactTest" time="29.329" classname="com.vtiger.contact.CreateContact"/>
  <system-out/>
</testsuite> <!-- com.vtiger.contact.CreateContact -->
