<?xml version="1.0" encoding="UTF-8"?>
<!-- Generated by org.testng.reporters.JUnitReportReporter -->
<testsuite skipped="0" hostname="LAPTOP-F3SU56H8" name="com.vtiger.organization.TC_41_CretaeOrganization1" tests="1" failures="0" timestamp="2022-08-17T21:36:11 IST" time="8.799" errors="0">
  <testcase name="createOrganizationTest" time="8.799" classname="com.vtiger.organization.TC_41_CretaeOrganization1"/>
  <system-out/>
</testsuite> <!-- com.vtiger.organization.TC_41_CretaeOrganization1 -->
