<?xml version="1.0" encoding="UTF-8"?>
<!-- Generated by org.testng.reporters.JUnitReportReporter -->
<testsuite skipped="0" hostname="LAPTOP-F3SU56H8" name="com.vtiger.organization.CretaeOrganization" tests="1" failures="0" timestamp="2022-08-09T20:40:17 IST" time="42.696" errors="0">
  <testcase name="creatingContactTest" time="42.696" classname="com.vtiger.organization.CretaeOrganization"/>
  <system-out/>
</testsuite> <!-- com.vtiger.organization.CretaeOrganization -->
